<?xml version="1.0" encoding="UTF-8"?>
<testsuite name="dev.nx.gradle.utils.AddTestCiTargetsTest" tests="1" skipped="0" failures="0" errors="0" timestamp="2025-04-15T22:24:21.242Z" hostname="emilys-MacBook-Pro.local" time="0.945">
  <properties/>
  <testcase name="should generate test CI targets and group correctly()" classname="dev.nx.gradle.utils.AddTestCiTargetsTest" time="0.945"/>
  <system-out><![CDATA[]]></system-out>
  <system-err><![CDATA[]]></system-err>
</testsuite>
